<?xml version="1.0" encoding="UTF-8"?>
<testng-results ignored="0" total="1" passed="1" failed="0" skipped="0">
  <reporter-output>
  </reporter-output>
  <suite started-at="2024-12-14T12:08:45 IST" name="Default suite" finished-at="2024-12-14T12:08:48 IST" duration-ms="3271">
    <groups>
    </groups>
    <test started-at="2024-12-14T12:08:45 IST" name="Default test" finished-at="2024-12-14T12:08:48 IST" duration-ms="3271">
      <class name="sample.Script1">
        <test-method signature="demo()[pri:0, instance:sample.Script1@1a942c18]" started-at="2024-12-14T12:08:45 IST" name="demo" finished-at="2024-12-14T12:08:48 IST" duration-ms="3219" status="PASS">
          <reporter-output>
          </reporter-output>
        </test-method> <!-- demo -->
      </class> <!-- sample.Script1 -->
    </test> <!-- Default test -->
  </suite> <!-- Default suite -->
</testng-results>
